<?xml version="1.0" encoding="UTF-8"?>
<!-- Generated by org.testng.reporters.JUnitXMLReporter -->
<testsuite ignored="4" hostname="LAPTOP-LUAOCDJJ" failures="2" tests="2" name="Create Portfolio Test" time="1.995" errors="0" timestamp="2024-12-07T18:53:54 EST">
  <testcase classname="testcases.rediff.Session" name="doLogin" time="1.399">
    <failure type="org.openqa.selenium.SessionNotCreatedException" message="session not created
from unknown error: cannot find Chrome binary
Build info: version: &amp;apos;4.0.0-alpha-7&amp;apos;, revision: &amp;apos;de8579b6d5&amp;apos;
System info: host: &amp;apos;LAPTOP-LUAOCDJJ&amp;apos;, ip: &amp;apos;192.168.56.1&amp;apos;, os.name: &amp;apos;Windows 10&amp;apos;, os.arch: &amp;apos;amd64&amp;apos;, os.version: &amp;apos;10.0&amp;apos;, java.version: &amp;apos;15.0.2&amp;apos;
Driver info: driver.version: ChromeDriver
remote stacktrace: 	GetHandleVerifier [0x008D38B3+24035]
	(No symbol) [0x0085BC44]
	(No symbol) [0x0073C2D3]
	(No symbol) [0x00767A55]
	(No symbol) [0x007656C9]
	(No symbol) [0x007A939C]
	(No symbol) [0x007A8B7A]
	(No symbol) [0x0079FC26]
	(No symbol) [0x0077218C]
	(No symbol) [0x0077310D]
	GetHandleVerifier [0x00B796D3+2800643]
	GetHandleVerifier [0x00BD428E+3172286]
	GetHandleVerifier [0x00BCCEA2+3142610]
	GetHandleVerifier [0x00976C60+692624]
	(No symbol) [0x00864C5D]
	(No symbol) [0x00861968]
	(No symbol) [0x00861B00]
	(No symbol) [0x00853FB0]
	BaseThreadInitThunk [0x76D57BA9+25]
	RtlInitializeExceptionChain [0x77C5C0CB+107]
	RtlClearBits [0x77C5C04F+191]
">
      <![CDATA[org.openqa.selenium.SessionNotCreatedException: session not created
from unknown error: cannot find Chrome binary
Build info: version: '4.0.0-alpha-7', revision: 'de8579b6d5'
System info: host: 'LAPTOP-LUAOCDJJ', ip: '192.168.56.1', os.name: 'Windows 10', os.arch: 'amd64', os.version: '10.0', java.version: '15.0.2'
Driver info: driver.version: ChromeDriver
remote stacktrace: GetHandleVerifier [0x008D38B3+24035]
(No symbol) [0x0085BC44]
(No symbol) [0x0073C2D3]
(No symbol) [0x00767A55]
(No symbol) [0x007656C9]
(No symbol) [0x007A939C]
(No symbol) [0x007A8B7A]
(No symbol) [0x0079FC26]
(No symbol) [0x0077218C]
(No symbol) [0x0077310D]
GetHandleVerifier [0x00B796D3+2800643]
GetHandleVerifier [0x00BD428E+3172286]
GetHandleVerifier [0x00BCCEA2+3142610]
GetHandleVerifier [0x00976C60+692624]
(No symbol) [0x00864C5D]
(No symbol) [0x00861968]
(No symbol) [0x00861B00]
(No symbol) [0x00853FB0]
BaseThreadInitThunk [0x76D57BA9+25]
RtlInitializeExceptionChain [0x77C5C0CB+107]
RtlClearBits [0x77C5C04F+191]

at org.openqa.selenium.remote.W3CHandshakeResponse.lambda$errorHandler$0(W3CHandshakeResponse.java:62)
at org.openqa.selenium.remote.HandshakeResponse.lambda$getResponseFunction$0(HandshakeResponse.java:30)
at org.openqa.selenium.remote.ProtocolHandshake.lambda$createSession$1(ProtocolHandshake.java:126)
at java.base/java.util.stream.ReferencePipeline$3$1.accept(ReferencePipeline.java:195)
at java.base/java.util.Spliterators$ArraySpliterator.tryAdvance(Spliterators.java:958)
at java.base/java.util.stream.ReferencePipeline.forEachWithCancel(ReferencePipeline.java:127)
at java.base/java.util.stream.AbstractPipeline.copyIntoWithCancel(AbstractPipeline.java:502)
at java.base/java.util.stream.AbstractPipeline.copyInto(AbstractPipeline.java:488)
at java.base/java.util.stream.AbstractPipeline.wrapAndCopyInto(AbstractPipeline.java:474)
at java.base/java.util.stream.FindOps$FindOp.evaluateSequential(FindOps.java:150)
at java.base/java.util.stream.AbstractPipeline.evaluate(AbstractPipeline.java:234)
at java.base/java.util.stream.ReferencePipeline.findFirst(ReferencePipeline.java:543)
at org.openqa.selenium.remote.ProtocolHandshake.createSession(ProtocolHandshake.java:128)
at org.openqa.selenium.remote.ProtocolHandshake.createSession(ProtocolHandshake.java:75)
at org.openqa.selenium.remote.HttpCommandExecutor.execute(HttpCommandExecutor.java:139)
at org.openqa.selenium.remote.service.DriverCommandExecutor.execute(DriverCommandExecutor.java:123)
at org.openqa.selenium.remote.RemoteWebDriver.execute(RemoteWebDriver.java:501)
at org.openqa.selenium.remote.RemoteWebDriver.startSession(RemoteWebDriver.java:207)
at org.openqa.selenium.remote.RemoteWebDriver.<init>(RemoteWebDriver.java:127)
at org.openqa.selenium.chromium.ChromiumDriver.<init>(ChromiumDriver.java:93)
at org.openqa.selenium.chrome.ChromeDriver.<init>(ChromeDriver.java:163)
at org.openqa.selenium.chrome.ChromeDriver.<init>(ChromeDriver.java:150)
at org.openqa.selenium.chrome.ChromeDriver.<init>(ChromeDriver.java:139)
at keywords.GenericKeywords.openBrowser(GenericKeywords.java:71)
at testcases.rediff.Session.doLogin(Session.java:17)
at java.base/java.util.ArrayList.forEach(ArrayList.java:1511)
... Removed 32 stack frames]]>
    </failure>
  </testcase> <!-- doLogin -->
  <testcase classname="testcases.rediff.PortfolioManagement" name="createPortfolio" time="0.016">
    <failure type="java.lang.IllegalArgumentException" message="Input must be set">
      <![CDATA[java.lang.IllegalArgumentException: Input must be set
at org.openqa.selenium.internal.Require.nonNull(Require.java:51)
at org.openqa.selenium.support.ui.FluentWait.<init>(FluentWait.java:100)
at org.openqa.selenium.support.ui.WebDriverWait.<init>(WebDriverWait.java:128)
at org.openqa.selenium.support.ui.WebDriverWait.<init>(WebDriverWait.java:61)
at keywords.GenericKeywords.isElementPresent(GenericKeywords.java:170)
at keywords.GenericKeywords.getElement(GenericKeywords.java:154)
at keywords.GenericKeywords.click(GenericKeywords.java:97)
at testcases.rediff.PortfolioManagement.createPortfolio(PortfolioManagement.java:15)
at java.base/java.util.ArrayList.forEach(ArrayList.java:1511)
... Removed 27 stack frames]]>
    </failure>
  </testcase> <!-- createPortfolio -->
  <testcase classname="testcases.rediff.PortfolioManagement" name="selectPortfolio" time="0.0">
    <ignored/>
  </testcase> <!-- selectPortfolio -->
  <testcase classname="testbase.BaseTest" name="@BeforeTest beforeTest" time="0.0">
    <ignored/>
  </testcase> <!-- @BeforeTest beforeTest -->
  <testcase classname="testcases.rediff.PortfolioManagement" name="deletePortfolio" time="0.0">
    <ignored/>
  </testcase> <!-- deletePortfolio -->
  <testcase classname="testbase.BaseTest" name="@AfterTest quit" time="0.0">
    <ignored/>
  </testcase> <!-- @AfterTest quit -->
</testsuite> <!-- Create Portfolio Test -->
